Serverless: Generated requirements from /Users/maximgavrilov/Sites/Diplom/bot/requirements.txt in /Users/maximgavrilov/Sites/Diplom/bot/.serverless/requirements.txt...
Serverless: Using static cache of requirements found at /Users/maximgavrilov/Library/Caches/serverless-python-requirements/f866cf90d6349902a899d904a8c7724b092b63ed16fa2530c859ec177d70c68e_slspyc ...
Serverless: Packaging service...
Serverless: Excluding development dependencies...
Serverless: Injecting required Python packages to package...
Serverless: Uploading CloudFormation file to S3...
Serverless: Uploading artifacts...
Serverless: Uploading service test-bot.zip file to S3 (2.1 MB)...
Serverless: Validating template...
Serverless: Updating Stack...
Serverless: Checking Stack update progress...
..............
Serverless: Stack update finished...
Service Information
service: test-bot
stage: dev
region: us-east-1
stack: test-bot-dev
resources: 12
api keys:
  None
endpoints:
  POST - https://57w50m8gk4.execute-api.us-east-1.amazonaws.com/dev/botty
functions:
  post: test-bot-dev-post
layers:
  None
Serverless: Removing old service artifacts from S3...
Serverless: Run the "serverless" command to setup monitoring, troubleshooting and testing.
